\BOOKMARK [1][-]{section.1}{System Overview}{}% 1
\BOOKMARK [1][-]{section.2}{Goals}{}% 2
\BOOKMARK [1][-]{section.3}{Context Diagram}{}% 3
\BOOKMARK [1][-]{section.4}{Monitored Variables}{}% 4
\BOOKMARK [1][-]{section.5}{Controlled Variables}{}% 5
\BOOKMARK [1][-]{section.6}{Mode Diagram}{}% 6
\BOOKMARK [1][-]{section.7}{R-Descriptions}{}% 7
\BOOKMARK [1][-]{section.8}{E-descriptions}{}% 8
\BOOKMARK [1][-]{section.9}{Abstract variables needed for the Function Table}{}% 9
\BOOKMARK [1][-]{section.10}{Function Tables}{}% 10
\BOOKMARK [2][-]{subsection.10.1}{Function Table for Mode Control: c\137md}{section.10}% 11
\BOOKMARK [2][-]{subsection.10.2}{Function Table for Heat Control: c\137hc}{section.10}% 12
\BOOKMARK [2][-]{subsection.10.3}{Function Table for Tempearature Display Control: c\137td}{section.10}% 13
\BOOKMARK [2][-]{subsection.10.4}{Function Table for Message Display Control: c\137ms}{section.10}% 14
\BOOKMARK [2][-]{subsection.10.5}{Function Table for Alarm Control: c\137al}{section.10}% 15
\BOOKMARK [1][-]{section.11}{Validation}{}% 16
\BOOKMARK [1][-]{section.12}{Use Cases}{}% 17
\BOOKMARK [1][-]{section.13}{Acceptance Tests}{}% 18
\BOOKMARK [1][-]{section.14}{Traceability}{}% 19
\BOOKMARK [1][-]{section.15}{Glossary}{}% 20
\BOOKMARK [1][-]{appendix.A}{Appendix Title??}{}% 21
